make.exe all --print-data-base --no-builtin-variables --no-builtin-rules --question
# GNU Make 4.4.1
# Built for Windows32
# Copyright (C) 1988-2023 Free Software Foundation, Inc.
# License GPLv3+: GNU GPL version 3 or later <https://gnu.org/licenses/gpl.html>
# This is free software: you are free to change and redistribute it.
# There is NO WARRANTY, to the extent permitted by law.

# Make data base, printed on Sun Apr 12 20:53:07 2026

# Variables

# environment
SYSTEMDRIVE = C:
# environment
LC_ALL = C
# environment
USERPROFILE = C:\Users\ivano
# environment
VBOX_MSI_INSTALL_PATH = C:\Program Files\Oracle\VirtualBox\
# environment
LOCALAPPDATA = C:\Users\ivano\AppData\Local
# environment
VSCODE_CRASH_REPORTER_PROCESS_TYPE = extensionHost
# environment
VSCODE_CWD = C:\Microsoft VS Code
# environment
SYSTEMROOT = C:\WINDOWS
# environment
PROCESSOR_LEVEL = 6
# environment
PSMODULEPATH = C:\Program Files\WindowsPowerShell\Modules;C:\WINDOWS\system32\WindowsPowerShell\v1.0\Modules
# default
MAKE_COMMAND := C:/Users/ivano/scoop/apps/make/current/bin/make.exe
# environment
OTEL_INSTRUMENTATION_GENAI_CAPTURE_MESSAGE_CONTENT = true
# automatic
@D = $(patsubst %/,%,$(patsubst %\,%,$(dir $@)))
# environment
CHROME_CRASHPAD_PIPE_NAME = \\.\pipe\crashpad_22136_ROKQQFKQZSHTRGZE
# environment
COPILOT_OTEL_EXPORTER_TYPE = file
# environment
VSCODE_HANDLES_UNCAUGHT_ERRORS = true
# default
.VARIABLES := 
# automatic
%D = $(patsubst %/,%,$(patsubst %\,%,$(dir $%)))
# environment
EFC_7920_3789132940 = 1
# environment
IGCCSVC_DB = AQAAANCMnd8BFdERjHoAwE/Cl+sBAAAAMmGbpJvxHkmwuxvGFM+FyQQAAAACAAAAAAAQZgAAAAEAACAAA 
make: *** No rule to make target 'all'.  Stop.

AB0qG3lYUiETgmZ6CngUWF8dbjFxSCEnlM6JhmdWhX4eQAAAAAOgAAAAAIAACAAAACb+8qARLUz+FkYR4vWEp9cbfhbhb4O0WnrJrMAPSBytGAAAAA6Ab8sRBlMIwXPoN2y4gAbYd5M3EN+wETDiBk0nlRTO+sYAQKod46qgNqDKi6dCMUiyVHLJFpAnUoATWkvcF8jaoasEaKmXS9ndoS8EkdFMZTueyTp/FvTyemY50i4RWdAAAAASVX4E1Radii8vvKLqjCxoFXbYpht1eHOtaClFctUt71/37CKTySpEVYoc1qkAbf54c2b4TgXgEymcZ+QfRIyxQ==
# automatic
^D = $(patsubst %/,%,$(patsubst %\,%,$(dir $^)))
# automatic
%F = $(notdir $%)
# environment
VSCODE_CODE_CACHE_PATH = C:\Users\ivano\AppData\Roaming\Code\CachedData\e7fb5e96c0730b9deb70b33781f98e2f35975036
# environment
LANG = C
# default
.LOADED := 
# environment
TMP = C:\Users\ivano\AppData\Local\Temp
# default
.INCLUDE_DIRS := .
# environment
PROCESSOR_ARCHITEW6432 = AMD64
# makefile
MAKEFLAGS = pqrR
# environment
ONEDRIVE = C:\Users\ivano\OneDrive
# makefile
CURDIR := d:/backend-android
# environment
APPLICATION_INSIGHTS_NO_DIAGNOSTIC_CHANNEL = true
# environment
VSCODE_L10N_BUNDLE_LOCATION = file:///c%3A/Users/ivano/.vscode/extensions/ms-ceintl.vscode-language-pack-ru-1.110.2026041114/translations/extensions/vscode.json-language-features.i18n.json
# automatic
*D = $(patsubst %/,%,$(patsubst %\,%,$(dir $*)))
# environment
PROGRAMFILES = C:\Program Files (x86)
# environment
MFLAGS = -pqrR
# default
.SHELLFLAGS := -c
# environment
COMMONPROGRAMW6432 = C:\Program Files\Common Files
# environment
COPILOT_OTEL_FILE_EXPORTER_PATH = \\.\nul
# automatic
+D = $(patsubst %/,%,$(patsubst %\,%,$(dir $+)))
# makefile
MAKEFILE_LIST := 
# environment
EFC_7920_2775293581 = 1
# automatic
@F = $(notdir $@)
# environment
PT8HOME = D:\Cisco Packet Tracer 8.2.2
# environment
VSCODE_PID = 22136
# automatic
?D = $(patsubst %/,%,$(patsubst %\,%,$(dir $?)))
# automatic
*F = $(notdir $*)
# automatic
<D = $(patsubst %/,%,$(patsubst %\,%,$(dir $<)))
# environment
VSCODE_NLS_CONFIG = {"userLocale":"ru","osLocale":"ru","resolvedLanguage":"ru","defaultMessagesFile":"C:\\Microsoft VS Code\\e7fb5e96c0\\resources\\app\\out\\nls.messages.json","languagePack":{"translationsConfigFile":"C:\\Users\\ivano\\AppData\\Roaming\\Code\\clp\\9f8e2bff591a5b26bf1facb529c1bd82.ru\\tcf.json","messagesFile":"C:\\Users\\ivano\\AppData\\Roaming\\Code\\clp\\9f8e2bff591a5b26bf1facb529c1bd82.ru\\e7fb5e96c0730b9deb70b33781f98e2f35975036\\nls.messages.json","corruptMarkerFile":"C:\\Users\\ivano\\AppData\\Roaming\\Code\\clp\\9f8e2bff591a5b26bf1facb529c1bd82.ru\\corrupted.info"},"locale":"ru","availableLanguages":{"*":"ru"},"_languagePackId":"9f8e2bff591a5b26bf1facb529c1bd82.ru","_languagePackSupport":true,"_translationsConfigFile":"C:\\Users\\ivano\\AppData\\Roaming\\Code\\clp\\9f8e2bff591a5b26bf1facb529c1bd82.ru\\tcf.json","_cacheRoot":"C:\\Users\\ivano\\AppData\\Roaming\\Code\\clp\\9f8e2bff591a5b26bf1facb529c1bd82.ru","_resolvedLanguagePackCoreLocation":"C:\\Users\\ivano\\AppData\\Roaming\\Code\\clp\\9f8e2bff591a5b26bf1facb529c1bd82.ru\\e7fb5e96c0730b9deb70b33781f98e2f35975036","_corruptedFile":"C:\\Users\\ivano\\AppData\\Roaming\\Code\\clp\\9f8e2bff591a5b26bf1facb529c1bd82.ru\\corrupted.info"}
# default
MAKE_HOST := Windows32
# environment
PROGRAMDATA = C:\ProgramData
# default
SHELL := sh.exe
# environment
HOMEPATH = \Users\ivano
# default
MAKECMDGOALS := all
# environment
DRIVERDATA = C:\Windows\System32\Drivers\DriverData
# environment
COMSPEC = C:\WINDOWS\system32\cmd.exe
# environment
EFC_7920_1592913036 = 1
# environment
WINDIR = C:\WINDOWS
# environment
MAKELEVEL := 0
# default
MAKE = $(MAKE_COMMAND)
# environment
PATH = C:\Microsoft VS Code;C:\Program Files\Common Files\Oracle\Java\javapath;C:\Program Files (x86)\Common Files\Oracle\Java\java8path;C:\Program Files (x86)\Common Files\Oracle\Java\javapath;C:\WINDOWS\system32;C:\WINDOWS;C:\WINDOWS\System32\Wbem;C:\WINDOWS\System32\WindowsPowerShell\v1.0\;C:\WINDOWS\System32\OpenSSH\;C:\Program Files (x86)\NVIDIA Corporation\PhysX\Common;C:\MinGW\bin;C:\Program Files\Git\cmd;D:\PuTTY\;C:\Program Files\CMake\bin;C:\Program Files\NVIDIA Corporation\NVIDIA App\NvDLISR;;C:\Program Files\dotnet\;C:\Program Files (x86)\Windows Kits\10\Windows Performance Toolkit\;C:\Program Files\Docker\Docker\resources\bin;C:\Program Files\GitHub CLI\;C:\Users\ivano\scoop\shims;C:\Users\ivano\AppData\Local\Microsoft\WindowsApps;;C:\Program Files\JetBrains\PyCharm Community Edition 2024.1.1\bin;;C:\Microsoft VS Code\bin;C:\Users\ivano\.dotnet\tools;C:\Users\ivano\AppData\Local\Android\Sdk\platform-tools
# environment
ZES_ENABLE_SYSMAN = 1
# environment
COMPUTERNAME = AORUS1337
# default
MAKEFILES := 
# automatic
^F = $(notdir $^)
# environment
PROMPT = $P$G
# environment
APPLICATION_INSIGHTS_NO_STATSBEAT = true
# environment
LOGONSERVER = \\AORUS1337
# environment
USERNAME = ivano
# environment
COMMONPROGRAMFILES = C:\Program Files (x86)\Common Files
# automatic
?F = $(notdir $?)
# environment
PROGRAMW6432 = C:\Program Files
# environment
PATHEXT = .COM;.EXE;.BAT;.CMD;.VBS;.VBE;.JS;.JSE;.WSF;.WSH;.MSC
# environment
EFC_7920_1262719628 = 1
# automatic
+F = $(notdir $+)
# environment
USERDOMAIN = AORUS1337
# 'override' directive
GNUMAKEFLAGS := 
# environment
OS = Windows_NT
# makefile
.DEFAULT_GOAL := 
# default
MAKE_VERSION := 4.4.1
# environment
PROGRAMFILES(X86) = C:\Program Files (x86)
# environment
USERDOMAIN_ROAMINGPROFILE = AORUS1337
# environment
NUMBER_OF_PROCESSORS = 16
# environment
PUBLIC = C:\Users\Public
# environment
APPDATA = C:\Users\ivano\AppData\Roaming
# environment
HOMEDRIVE = C:
# environment
COPILOT_OTEL_ENABLED = true
# environment
PROCESSOR_ARCHITECTURE = x86
# environment
PYCHARM COMMUNITY EDITION = C:\Program Files\JetBrains\PyCharm Community Edition 2024.1.1\bin;
# environment
COMMONPROGRAMFILES(X86) = C:\Program Files (x86)\Common Files
# environment
ELECTRON_RUN_AS_NODE = 1
# environment
TEMP = C:\Users\ivano\AppData\Local\Temp
# environment
VSCODE_IPC_HOOK = \\.\pipe\8c9e5a55-1.114.0-main-sock
# default
.RECIPEPREFIX := 
# automatic
<F = $(notdir $<)
# default
SUFFIXES := 
# environment
ALLUSERSPROFILE = C:\ProgramData
# environment
SESSIONNAME = Console
# environment
EFC_7920_2283032206 = 1
# default
.FEATURES := target-specific order-only second-expansion else-if shortest-stem undefine oneshell nocomment grouped-target extra-prereqs notintermediate shell-export archives jobserver output-sync load dospaths
# environment
PROCESSOR_REVISION = 9a03
# environment
VSCODE_ESM_ENTRYPOINT = vs/workbench/api/node/extensionHostProcess
# environment
PROCESSOR_IDENTIFIER = Intel64 Family 6 Model 154 Stepping 3, GenuineIntel
# variable set hash-table stats:
# Load=103/1024=10%, Rehash=0, Collisions=12/128=9%

# Pattern-specific Variable Values

# No pattern-specific variable values.

# Directories

# . (key d:/backend-android, mtime 1775233857): 12 files, no impossibilities.

# 12 files, no impossibilities in 1 directories.

# Implicit Rules

# No implicit rules.

# Files

# Not a target:
Makefile:
#  Implicit rule search has been done.
#  File does not exist.
#  File has been updated.
#  Failed to be updated.

# Not a target:
.DEFAULT:
#  Implicit rule search has not been done.
#  Modification time never checked.
#  File has not been updated.

# Not a target:
all:
#  Command line target.
#  Implicit rule search has been done.
#  File does not exist.
#  File has not been updated.

# Not a target:
makefile:
#  Implicit rule search has been done.
#  File does not exist.
#  File has been updated.
#  Failed to be updated.

# Not a target:
makefile.mak:
#  Implicit rule search has been done.
#  File does not exist.
#  File has been updated.
#  Failed to be updated.

# Not a target:
GNUmakefile:
#  Implicit rule search has been done.
#  File does not exist.
#  File has been updated.
#  Failed to be updated.

# files hash-table stats:
# Load=7/1024=1%, Rehash=0, Collisions=0/17=0%
# VPATH Search Paths

# No 'vpath' search paths.

# No general ('VPATH' variable) search path.

# strcache buffers: 1 (0) / strings = 19 / storage = 176 B / avg = 9 B
# current buf: size = 8174 B / used = 176 B / count = 19 / avg = 9 B

# strcache performance: lookups = 22 / hit rate = 13%
# hash-table stats:
# Load=19/8192=0%, Rehash=0, Collisions=0/22=0%
# Finished Make data base on Sun Apr 12 20:53:07 2026

 
